Ejecución del script: 05/01/2024 14:40:43
--------------------------------------
Ejecución del script: 05/01/2024 14:44:24
La solicitud a http://localhost:8080/events/storeParents se ha completado correctamente.
La solicitud a http://localhost:8080/posts/store se ha completado correctamente.
La solicitud a http://localhost:8080/events/storeUpcoming se ha completado correctamente.
--------------------------------------
Ejecución del script: 05/01/2024 20:30:02
--------------------------------------
Ejecución del script: 05/01/2024 22:28:59
La solicitud a http://localhost:8080/store/parentEvents se ha completado correctamente.
La solicitud a http://localhost:8080/store/posts se ha completado correctamente.
La solicitud a http://localhost:8080/store/upcomingEvents se ha completado correctamente.
--------------------------------------
Ejecución del script: 05/02/2024 20:30:02
La solicitud a http://localhost:8080/store/parentEvents se ha completado correctamente.
La solicitud a http://localhost:8080/store/posts se ha completado correctamente.
La solicitud a http://localhost:8080/store/upcomingEvents se ha completado correctamente.
--------------------------------------
Ejecución del script: 05/03/2024 20:30:02
La solicitud a http://localhost:8080/store/parentEvents se ha completado correctamente.
--------------------------------------
Ejecución del script: 05/05/2024 20:30:02
La solicitud a http://localhost:8080/store/parentEvents se ha completado correctamente.
La solicitud a http://localhost:8080/store/posts se ha completado correctamente.
La solicitud a http://localhost:8080/store/upcomingEvents se ha completado correctamente.
--------------------------------------
