----------------------------------------
2024-05-14 20:09:40
----------------------------------------
Supply failed due to: No suitable servers found (`serverSelectionTryOnce` set): [TLS handshake failed: error:14094438:SSL routines:ssl3_read_bytes:tlsv1 alert internal error calling hello on 'ac-2yqztmd-shard-00-00.wsfpnnm.mongodb.net:27017'] [TLS handshake failed: error:14094438:SSL routines:ssl3_read_bytes:tlsv1 alert internal error calling hello on 'ac-2yqztmd-shard-00-01.wsfpnnm.mongodb.net:27017'] [TLS handshake failed: error:14094438:SSL routines:ssl3_read_bytes:tlsv1 alert internal error calling hello on 'ac-2yqz
******** Supply script done ********

----------------------------------------
2024-05-14 20:12:14
----------------------------------------
Supply failed due to: No suitable servers found (`serverSelectionTryOnce` set): [TLS handshake failed: certificate verify failed (10): certificate has expired calling hello on 'ac-2yqztmd-shard-00-00.wsfpnnm.mongodb.net:27017'] [TLS handshake failed: certificate verify failed (10): certificate has expired calling hello on 'ac-2yqztmd-shard-00-02.wsfpnnm.mongodb.net:27017'] [TLS handshake failed: certificate verify failed (10): certificate has expired calling hello on 'ac-2yqztmd-shard-00-01.wsfpnnm.mongodb.net:27017']
******** Supply script done ********

----------------------------------------
2024-05-14 20:12:48
----------------------------------------
Supply failed due to: No suitable servers found (`serverSelectionTryOnce` set): [TLS handshake failed: certificate verify failed (10): certificate has expired calling hello on 'ac-2yqztmd-shard-00-00.wsfpnnm.mongodb.net:27017'] [TLS handshake failed: certificate verify failed (10): certificate has expired calling hello on 'ac-2yqztmd-shard-00-02.wsfpnnm.mongodb.net:27017'] [TLS handshake failed: certificate verify failed (10): certificate has expired calling hello on 'ac-2yqztmd-shard-00-01.wsfpnnm.mongodb.net:27017']
******** Supply script done ********

----------------------------------------
2024-05-14 20:14:17
----------------------------------------
Supply failed due to: No suitable servers found (`serverSelectionTryOnce` set): [TLS handshake failed: certificate verify failed (10): certificate has expired calling hello on 'ac-2yqztmd-shard-00-00.wsfpnnm.mongodb.net:27017'] [TLS handshake failed: certificate verify failed (10): certificate has expired calling hello on 'ac-2yqztmd-shard-00-01.wsfpnnm.mongodb.net:27017'] [TLS handshake failed: certificate verify failed (10): certificate has expired calling hello on 'ac-2yqztmd-shard-00-02.wsfpnnm.mongodb.net:27017']
******** Supply script done ********

----------------------------------------
2024-05-14 20:20:59
----------------------------------------
Supply failed due to: No suitable servers found (`serverSelectionTryOnce` set): [TLS handshake failed: certificate verify failed (10): certificate has expired calling hello on 'ac-2yqztmd-shard-00-01.wsfpnnm.mongodb.net:27017'] [TLS handshake failed: certificate verify failed (10): certificate has expired calling hello on 'ac-2yqztmd-shard-00-00.wsfpnnm.mongodb.net:27017'] [TLS handshake failed: certificate verify failed (10): certificate has expired calling hello on 'ac-2yqztmd-shard-00-02.wsfpnnm.mongodb.net:27017']
******** Supply script done ********

----------------------------------------
2024-05-14 20:23:57
----------------------------------------
Supply failed due to: No suitable servers found (`serverSelectionTryOnce` set): [TLS handshake failed: certificate verify failed (10): certificate has expired calling hello on 'ac-2yqztmd-shard-00-00.wsfpnnm.mongodb.net:27017'] [TLS handshake failed: certificate verify failed (10): certificate has expired calling hello on 'ac-2yqztmd-shard-00-02.wsfpnnm.mongodb.net:27017'] [TLS handshake failed: certificate verify failed (10): certificate has expired calling hello on 'ac-2yqztmd-shard-00-01.wsfpnnm.mongodb.net:27017']
******** Supply script done ********

----------------------------------------
2024-05-14 18:25:08
----------------------------------------
Parent events updated successfully
Posts updated successfully
Upcoming events updated successfully
******** Supply script done ********

----------------------------------------
2024-05-14 20:58:38
----------------------------------------
Supply failed due to: No suitable servers found (`serverSelectionTryOnce` set): [TLS handshake failed: certificate verify failed (10): certificate has expired calling hello on 'ac-2yqztmd-shard-00-01.wsfpnnm.mongodb.net:27017'] [TLS handshake failed: certificate verify failed (10): certificate has expired calling hello on 'ac-2yqztmd-shard-00-02.wsfpnnm.mongodb.net:27017'] [TLS handshake failed: certificate verify failed (10): certificate has expired calling hello on 'ac-2yqztmd-shard-00-00.wsfpnnm.mongodb.net:27017']
******** Supply script done ********

----------------------------------------
2024-05-14 21:01:11
----------------------------------------
Supply failed due to: No suitable servers found (`serverSelectionTryOnce` set): [TLS handshake failed: certificate verify failed (10): certificate has expired calling hello on 'ac-2yqztmd-shard-00-00.wsfpnnm.mongodb.net:27017'] [TLS handshake failed: certificate verify failed (10): certificate has expired calling hello on 'ac-2yqztmd-shard-00-02.wsfpnnm.mongodb.net:27017'] [TLS handshake failed: certificate verify failed (10): certificate has expired calling hello on 'ac-2yqztmd-shard-00-01.wsfpnnm.mongodb.net:27017']
******** Supply script done ********

----------------------------------------
2024-05-14 19:03:01
----------------------------------------
Parent events updated successfully
Posts updated successfully
Upcoming events updated successfully
******** Supply script done ********

----------------------------------------
2024-05-14 21:05:31
----------------------------------------
Supply failed due to: No suitable servers found (`serverSelectionTryOnce` set): [Server closed connection. calling hello on 'ac-2yqztmd-shard-00-02.wsfpnnm.mongodb.net:27017'] [Server closed connection. calling hello on 'ac-2yqztmd-shard-00-01.wsfpnnm.mongodb.net:27017'] [Server closed connection. calling hello on 'ac-2yqztmd-shard-00-00.wsfpnnm.mongodb.net:27017']
******** Supply script done ********

----------------------------------------
2024-05-14 21:06:03
----------------------------------------
Parent events updated successfully
Posts updated successfully
Upcoming events updated successfully
******** Supply script done ********
